<?xml version="1.0" encoding="UTF-8"?>
<testsuite name="jp.ac.uryukyu.ie.e205705.AppTest" tests="1" skipped="0" failures="0" errors="0" timestamp="2020-11-22T11:11:56" hostname="tamakikantanoMacBook-Air.local" time="0.002">
  <properties/>
  <testcase name="appHasAGreeting()" classname="jp.ac.uryukyu.ie.e205705.AppTest" time="0.002"/>
  <system-out><![CDATA[]]></system-out>
  <system-err><![CDATA[]]></system-err>
</testsuite>
