<?xml version="1.0" encoding="UTF-8"?>
<testsuite name="jp.ac.uryukyu.ie.e205705.EnemyTest" tests="1" skipped="0" failures="0" errors="0" timestamp="2020-11-22T11:11:56" hostname="tamakikantanoMacBook-Air.local" time="0.024">
  <properties/>
  <testcase name="attackTest()" classname="jp.ac.uryukyu.ie.e205705.EnemyTest" time="0.024"/>
  <system-out><![CDATA[デモ勇者のHPは100。攻撃力は100です。
スライムもどきのHPは10。攻撃力は100です。
デモ勇者の攻撃！スライムもどきに42のダメージを与えた！！
モンスタースライムもどきは倒れた。
スライムもどきの攻撃！デモ勇者に0のダメージを与えた！！
]]></system-out>
  <system-err><![CDATA[]]></system-err>
</testsuite>
